Mplus VERSION 8.10
MUTHEN & MUTHEN
06/05/2024  10:24 AM

INPUT INSTRUCTIONS

  TITLE:
  LCA - Calculated k-Class 95% CI
  DATA:
  FILE = "C:/Users/dinan/Box/IES_IMMERSE/Training Materials/
  in-person-training-2024/lab3-enumeration/mplus/lsal.dat";
  VARIABLE:
  NAMES = rand lsayid region urban gender mothed fathed raceth math_irt enjoy good
       undrstnd nervous scared useful logical job adult;
   MISSING=.;
   categorical = enjoy-adult;
     usevar =  enjoy-adult;
     classes = c(4);
  ANALYSIS:
  estimator = ml;
      type = mixture;
      starts = 0;
      processors = 10;
      optseed = 568405;
      bootstrap = 1000;
  MODEL:

    !CHANGE THIS SECTION TO YOUR CHOSEN k-CLASS MODEL

    %OVERALL%
    [C#1](c1);
    [C#2](c2);
    [C#3](c3);


    Model Constraint:
    New(p1 p2 p3 p4);

    p1 = exp(c1)/(1+exp(c1)+exp(c2)+exp(c3));
    p2 = exp(c2)/(1+exp(c1)+exp(c2)+exp(c3));
    p3 = exp(c3)/(1+exp(c1)+exp(c2)+exp(c3));
    p4 = 1/(1+exp(c1)+exp(c2)+exp(c3));
  OUTPUT:
  cinterval(bcbootstrap)



*** WARNING
  Data set contains cases with missing on all variables.
  These cases were not included in the analysis.
  Number of cases with missing on all variables:  441
   1 WARNING(S) FOUND IN THE INPUT INSTRUCTIONS




LCA - Calculated k-Class 95% CI

SUMMARY OF ANALYSIS

Number of groups                                                 1
Number of observations                                        2675

Number of dependent variables                                    9
Number of independent variables                                  0
Number of continuous latent variables                            0
Number of categorical latent variables                           1

Observed dependent variables

  Binary and ordered categorical (ordinal)
   ENJOY       GOOD        UNDRSTND    NERVOUS     SCARED      USEFUL
   LOGICAL     JOB         ADULT

Categorical latent variables
   C


Estimator                                                       ML
Information matrix                                        OBSERVED
Optimization Specifications for the Quasi-Newton Algorithm for
Continuous Outcomes
  Maximum number of iterations                                 100
  Convergence criterion                                  0.100D-05
Optimization Specifications for the EM Algorithm
  Maximum number of iterations                                 500
  Convergence criteria
    Loglikelihood change                                 0.100D-06
    Relative loglikelihood change                        0.100D-06
    Derivative                                           0.100D-05
Optimization Specifications for the M step of the EM Algorithm for
Categorical Latent variables
  Number of M step iterations                                    1
  M step convergence criterion                           0.100D-05
  Basis for M step termination                           ITERATION
Optimization Specifications for the M step of the EM Algorithm for
Censored, Binary or Ordered Categorical (Ordinal), Unordered
Categorical (Nominal) and Count Outcomes
  Number of M step iterations                                    1
  M step convergence criterion                           0.100D-05
  Basis for M step termination                           ITERATION
  Maximum value for logit thresholds                            15
  Minimum value for logit thresholds                           -15
  Minimum expected cell size for chi-square              0.100D-01
Maximum number of iterations for H1                           2000
Convergence criterion for H1                             0.100D-03
Number of bootstrap draws
    Requested                                                 1000
    Completed                                                 1000
Optimization algorithm                                         EMA
Random Starts Specifications
  Random seed for analysis                                  568405
Link                                                         LOGIT

Input data file(s)
  C:/Users/dinan/Box/IES_IMMERSE/Training Materials/in-person-training-2024/lab3
Input data format  FREE


SUMMARY OF DATA

     Number of missing data patterns            30
     Number of y missing data patterns           0
     Number of u missing data patterns          30


COVARIANCE COVERAGE OF DATA

Minimum covariance coverage value   0.100


     PROPORTION OF DATA PRESENT FOR U


           Covariance Coverage
              ENJOY         GOOD          UNDRSTND      NERVOUS       SCARED
              ________      ________      ________      ________      ________
 ENJOY          0.997
 GOOD           0.996         0.998
 UNDRSTND       0.987         0.988         0.990
 NERVOUS        0.978         0.979         0.971         0.980
 SCARED         0.988         0.990         0.982         0.973         0.991
 USEFUL         0.985         0.986         0.978         0.970         0.981
 LOGICAL        0.982         0.983         0.976         0.966         0.978
 JOB            0.977         0.978         0.971         0.962         0.973
 ADULT          0.987         0.988         0.981         0.972         0.983


           Covariance Coverage
              USEFUL        LOGICAL       JOB           ADULT
              ________      ________      ________      ________
 USEFUL         0.988
 LOGICAL        0.975         0.985
 JOB            0.970         0.969         0.980
 ADULT          0.979         0.977         0.975         0.990


UNIVARIATE PROPORTIONS AND COUNTS FOR CATEGORICAL VARIABLES

    ENJOY
      Category 1    0.331          884.000
      Category 2    0.669         1784.000
    GOOD
      Category 1    0.307          820.000
      Category 2    0.693         1850.000
    UNDRSTND
      Category 1    0.237          628.000
      Category 2    0.763         2020.000
    NERVOUS
      Category 1    0.410         1076.000
      Category 2    0.590         1546.000
    SCARED
      Category 1    0.313          830.000
      Category 2    0.687         1821.000
    USEFUL
      Category 1    0.305          807.000
      Category 2    0.695         1835.000
    LOGICAL
      Category 1    0.360          949.000
      Category 2    0.640         1686.000
    JOB
      Category 1    0.257          674.000
      Category 2    0.743         1947.000
    ADULT
      Category 1    0.298          790.000
      Category 2    0.702         1858.000



THE MODEL ESTIMATION TERMINATED NORMALLY



MODEL FIT INFORMATION

Number of Free Parameters                       39

Loglikelihood

          H0 Value                      -12745.394

Information Criteria

          Akaike (AIC)                   25568.787
          Bayesian (BIC)                 25798.564
          Sample-Size Adjusted BIC       25674.649
            (n* = (n + 2) / 24)

Chi-Square Test of Model Fit for the Binary and Ordered Categorical
(Ordinal) Outcomes**

          Pearson Chi-Square

          Value                           1466.699
          Degrees of Freedom                   462
          P-Value                           0.0000

          Likelihood Ratio Chi-Square

          Value                           1184.877
          Degrees of Freedom                   462
          P-Value                           0.0000

** Of the 4352 cells in the latent class indicator table, 10
   were deleted in the calculation of chi-square due to extreme values.

Chi-Square Test for MCAR under the Unrestricted Latent Class Indicator Model

          Pearson Chi-Square

          Value                           2276.326
          Degrees of Freedom                  3811
          P-Value                           1.0000

          Likelihood Ratio Chi-Square

          Value                            698.956
          Degrees of Freedom                  3811
          P-Value                           1.0000



FINAL CLASS COUNTS AND PROPORTIONS FOR THE LATENT CLASSES
BASED ON THE ESTIMATED MODEL

    Latent
   Classes

       1       1267.71495          0.47391
       2        440.89228          0.16482
       3        595.52876          0.22263
       4        370.86402          0.13864


FINAL CLASS COUNTS AND PROPORTIONS FOR THE LATENT CLASSES
BASED ON ESTIMATED POSTERIOR PROBABILITIES

    Latent
   Classes

       1       1267.71495          0.47391
       2        440.89228          0.16482
       3        595.52876          0.22263
       4        370.86402          0.13864


FINAL CLASS COUNTS AND PROPORTIONS FOR THE LATENT CLASSES
BASED ON THEIR MOST LIKELY LATENT CLASS MEMBERSHIP

Class Counts and Proportions

    Latent
   Classes

       1             1213          0.45346
       2              501          0.18729
       3              586          0.21907
       4              375          0.14019


CLASSIFICATION QUALITY

     Entropy                         0.785


Average Latent Class Probabilities for Most Likely Latent Class Membership (Row)
by Latent Class (Column)

           1        2        3        4

    1   0.951    0.014    0.025    0.010
    2   0.144    0.785    0.027    0.044
    3   0.034    0.026    0.886    0.054
    4   0.057    0.042    0.087    0.813


Classification Probabilities for the Most Likely Latent Class Membership (Column)
by Latent Class (Row)

           1        2        3        4

    1   0.910    0.057    0.016    0.017
    2   0.038    0.892    0.035    0.036
    3   0.051    0.022    0.872    0.055
    4   0.032    0.060    0.086    0.822


Logits for the Classification Probabilities for the Most Likely Latent Class Membership (Column)
by Latent Class (Row)

              1        2        3        4

    1      3.982    1.211   -0.072    0.000
    2      0.060    3.220   -0.032    0.000
    3     -0.073   -0.901    2.763    0.000
    4     -3.239   -2.621   -2.263    0.000


MODEL RESULTS

                                                    Two-Tailed
                    Estimate       S.E.  Est./S.E.    P-Value

Latent Class 1

 Thresholds
    ENJOY$1           -2.038      0.136    -15.002      0.000
    GOOD$1            -2.486      0.173    -14.360      0.000
    UNDRSTND$1        -2.865      0.173    -16.582      0.000
    NERVOUS$1         -2.769      5.489     -0.504      0.614
    SCARED$1          -2.460      5.564     -0.442      0.658
    USEFUL$1          -1.683      0.113    -14.942      0.000
    LOGICAL$1         -1.260      0.090    -14.060      0.000
    JOB$1             -2.134      0.117    -18.228      0.000
    ADULT$1           -1.846      0.121    -15.217      0.000

Latent Class 2

 Thresholds
    ENJOY$1           -2.015      0.757     -2.662      0.008
    GOOD$1            -1.843      0.284     -6.496      0.000
    UNDRSTND$1        -2.115      0.262     -8.084      0.000
    NERVOUS$1          3.393      6.645      0.511      0.610
    SCARED$1           0.478      4.861      0.098      0.922
    USEFUL$1          -1.846      0.268     -6.900      0.000
    LOGICAL$1         -1.615      0.256     -6.318      0.000
    JOB$1             -2.196      0.297     -7.391      0.000
    ADULT$1           -1.997      0.272     -7.343      0.000

Latent Class 3

 Thresholds
    ENJOY$1            0.516      0.128      4.023      0.000
    GOOD$1             0.205      0.124      1.649      0.099
    UNDRSTND$1        -0.098      0.114     -0.858      0.391
    NERVOUS$1          0.271      0.113      2.391      0.017
    SCARED$1          -0.152      0.114     -1.338      0.181
    USEFUL$1           1.519      0.196      7.741      0.000
    LOGICAL$1          1.620      0.190      8.518      0.000
    JOB$1              1.173      0.196      5.984      0.000
    ADULT$1            1.632      0.236      6.929      0.000

Latent Class 4

 Thresholds
    ENJOY$1            1.741      0.312      5.583      0.000
    GOOD$1             2.283      0.947      2.410      0.016
    UNDRSTND$1         0.546      0.182      2.995      0.003
    NERVOUS$1          0.853      0.206      4.133      0.000
    SCARED$1           0.080      0.174      0.463      0.644
    USEFUL$1          -1.420      0.256     -5.537      0.000
    LOGICAL$1         -0.837      0.203     -4.130      0.000
    JOB$1             -1.777      0.246     -7.235      0.000
    ADULT$1           -1.376      0.203     -6.773      0.000

Categorical Latent Variables

 Means
    C#1                1.229      0.136      9.039      0.000
    C#2                0.173      0.291      0.594      0.552
    C#3                0.474      0.167      2.833      0.005

New/Additional Parameters
    P1                 0.474      0.037     12.694      0.000
    P2                 0.165      0.039      4.184      0.000
    P3                 0.223      0.017     13.149      0.000
    P4                 0.139      0.016      8.836      0.000


RESULTS IN PROBABILITY SCALE

                                                    Two-Tailed
                    Estimate       S.E.  Est./S.E.    P-Value

Latent Class 1

 ENJOY
    Category 1         0.115      0.014      8.086      0.000
    Category 2         0.885      0.014     62.071      0.000
 GOOD
    Category 1         0.077      0.012      6.180      0.000
    Category 2         0.923      0.012     74.268      0.000
 UNDRSTND
    Category 1         0.054      0.008      6.458      0.000
    Category 2         0.946      0.008    113.283      0.000
 NERVOUS
    Category 1         0.059      0.065      0.911      0.362
    Category 2         0.941      0.065     14.530      0.000
 SCARED
    Category 1         0.079      0.038      2.065      0.039
    Category 2         0.921      0.038     24.156      0.000
 USEFUL
    Category 1         0.157      0.015     10.666      0.000
    Category 2         0.843      0.015     57.401      0.000
 LOGICAL
    Category 1         0.221      0.015     14.453      0.000
    Category 2         0.779      0.015     50.937      0.000
 JOB
    Category 1         0.106      0.011      9.661      0.000
    Category 2         0.894      0.011     81.590      0.000
 ADULT
    Category 1         0.136      0.014      9.580      0.000
    Category 2         0.864      0.014     60.707      0.000

Latent Class 2

 ENJOY
    Category 1         0.118      0.038      3.128      0.002
    Category 2         0.882      0.038     23.467      0.000
 GOOD
    Category 1         0.137      0.029      4.649      0.000
    Category 2         0.863      0.029     29.375      0.000
 UNDRSTND
    Category 1         0.108      0.025      4.291      0.000
    Category 2         0.892      0.025     35.574      0.000
 NERVOUS
    Category 1         0.967      0.129      7.528      0.000
    Category 2         0.033      0.129      0.253      0.800
 SCARED
    Category 1         0.617      0.171      3.605      0.000
    Category 2         0.383      0.171      2.235      0.025
 USEFUL
    Category 1         0.136      0.032      4.250      0.000
    Category 2         0.864      0.032     26.921      0.000
 LOGICAL
    Category 1         0.166      0.034      4.813      0.000
    Category 2         0.834      0.034     24.212      0.000
 JOB
    Category 1         0.100      0.027      3.734      0.000
    Category 2         0.900      0.027     33.546      0.000
 ADULT
    Category 1         0.119      0.027      4.461      0.000
    Category 2         0.881      0.027     32.883      0.000

Latent Class 3

 ENJOY
    Category 1         0.626      0.030     21.042      0.000
    Category 2         0.374      0.030     12.563      0.000
 GOOD
    Category 1         0.551      0.031     18.023      0.000
    Category 2         0.449      0.031     14.683      0.000
 UNDRSTND
    Category 1         0.476      0.028     16.759      0.000
    Category 2         0.524      0.028     18.483      0.000
 NERVOUS
    Category 1         0.567      0.028     20.416      0.000
    Category 2         0.433      0.028     15.564      0.000
 SCARED
    Category 1         0.462      0.028     16.365      0.000
    Category 2         0.538      0.028     19.059      0.000
 USEFUL
    Category 1         0.820      0.027     30.039      0.000
    Category 2         0.180      0.027      6.577      0.000
 LOGICAL
    Category 1         0.835      0.025     33.445      0.000
    Category 2         0.165      0.025      6.618      0.000
 JOB
    Category 1         0.764      0.034     22.216      0.000
    Category 2         0.236      0.034      6.875      0.000
 ADULT
    Category 1         0.836      0.031     27.261      0.000
    Category 2         0.164      0.031      5.330      0.000

Latent Class 4

 ENJOY
    Category 1         0.851      0.036     23.684      0.000
    Category 2         0.149      0.036      4.152      0.000
 GOOD
    Category 1         0.907      0.037     24.505      0.000
    Category 2         0.093      0.037      2.499      0.012
 UNDRSTND
    Category 1         0.633      0.042     15.126      0.000
    Category 2         0.367      0.042      8.762      0.000
 NERVOUS
    Category 1         0.701      0.041     16.989      0.000
    Category 2         0.299      0.041      7.241      0.000
 SCARED
    Category 1         0.520      0.043     12.109      0.000
    Category 2         0.480      0.043     11.174      0.000
 USEFUL
    Category 1         0.195      0.037      5.209      0.000
    Category 2         0.805      0.037     21.549      0.000
 LOGICAL
    Category 1         0.302      0.042      7.243      0.000
    Category 2         0.698      0.042     16.725      0.000
 JOB
    Category 1         0.145      0.029      4.932      0.000
    Category 2         0.855      0.029     29.169      0.000
 ADULT
    Category 1         0.202      0.032      6.264      0.000
    Category 2         0.798      0.032     24.797      0.000


CONFIDENCE INTERVALS OF MODEL RESULTS

                  Lower .5%  Lower 2.5%    Lower 5%    Estimate    Upper 5%  Upper 2.5%   Upper .5%

Latent Class 1

 Thresholds
    ENJOY$1         -2.438      -2.325      -2.292      -2.038      -1.847      -1.795      -1.732
    GOOD$1          -2.980      -2.882      -2.825      -2.486      -2.251      -2.198      -2.101
    UNDRSTND$1      -3.362      -3.231      -3.160      -2.865      -2.614      -2.567      -2.493
    NERVOUS$1      -15.000     -15.000     -15.000      -2.769      -1.629      -1.577      -1.492
    SCARED$1       -15.000     -15.000     -15.000      -2.460      -2.152      -2.114      -2.080
    USEFUL$1        -1.977      -1.892      -1.861      -1.683      -1.496      -1.474      -1.421
    LOGICAL$1       -1.465      -1.421      -1.391      -1.260      -1.092      -1.072      -1.051
    JOB$1           -2.449      -2.384      -2.337      -2.134      -1.946      -1.911      -1.855
    ADULT$1         -2.305      -2.108      -2.066      -1.846      -1.662      -1.635      -1.567

Latent Class 2

 Thresholds
    ENJOY$1         -3.387      -2.958      -2.780      -2.015      -1.565      -1.548      -1.486
    GOOD$1          -2.605      -2.336      -2.216      -1.843      -1.430      -1.309      -1.275
    UNDRSTND$1      -2.796      -2.679      -2.597      -2.115      -1.744      -1.668      -1.553
    NERVOUS$1        0.671       0.753       0.794       3.393      15.000      15.000      15.000
    SCARED$1        -0.156      -0.065      -0.025       0.478      12.054      15.000      15.000
    USEFUL$1        -2.952      -2.637      -2.468      -1.846      -1.497      -1.438      -1.312
    LOGICAL$1       -3.455      -2.431      -2.145      -1.615      -1.303      -1.242      -1.119
    JOB$1           -3.430      -2.941      -2.875      -2.196      -1.826      -1.730      -1.596
    ADULT$1         -3.065      -2.700      -2.538      -1.997      -1.664      -1.579      -1.454

Latent Class 3

 Thresholds
    ENJOY$1          0.172       0.264       0.296       0.516       0.713       0.758       0.840
    GOOD$1          -0.124      -0.051      -0.015       0.205       0.405       0.437       0.519
    UNDRSTND$1      -0.414      -0.338      -0.296      -0.098       0.089       0.120       0.166
    NERVOUS$1       -0.046       0.046       0.083       0.271       0.451       0.485       0.525
    SCARED$1        -0.432      -0.363      -0.336      -0.152       0.035       0.070       0.145
    USEFUL$1         1.119       1.187       1.236       1.519       1.838       1.917       2.124
    LOGICAL$1        1.220       1.288       1.338       1.620       1.936       2.009       2.184
    JOB$1            0.695       0.811       0.867       1.173       1.490       1.575       1.712
    ADULT$1          1.088       1.197       1.260       1.632       2.000       2.092       2.276

Latent Class 4

 Thresholds
    ENJOY$1          1.159       1.307       1.355       1.741       2.366       2.600       2.928
    GOOD$1           1.470       1.634       1.736       2.283       3.583       3.952      15.000
    UNDRSTND$1       0.134       0.222       0.276       0.546       0.877       0.940       1.118
    NERVOUS$1        0.320       0.473       0.535       0.853       1.170       1.240       1.399
    SCARED$1        -0.413      -0.263      -0.210       0.080       0.358       0.423       0.524
    USEFUL$1        -2.293      -2.017      -1.877      -1.420      -1.076      -1.019      -0.940
    LOGICAL$1       -1.425      -1.245      -1.173      -0.837      -0.533      -0.491      -0.406
    JOB$1           -2.717      -2.338      -2.226      -1.777      -1.427      -1.385      -1.294
    ADULT$1         -1.990      -1.813      -1.740      -1.376      -1.063      -0.989      -0.895

Categorical Latent Variables

 Means
    C#1              0.910       1.005       1.055       1.229       1.502       1.575       1.623
    C#2             -0.705      -0.516      -0.392       0.173       0.584       0.644       0.828
    C#3              0.070       0.183       0.222       0.474       0.797       0.839       0.970

New/Additional Parameters
    P1               0.376       0.409       0.426       0.474       0.545       0.553       0.568
    P2               0.079       0.090       0.094       0.165       0.224       0.242       0.273
    P3               0.184       0.191       0.196       0.223       0.252       0.258       0.267
    P4               0.098       0.105       0.112       0.139       0.163       0.169       0.179


CONFIDENCE INTERVALS IN PROBABILITY SCALE

Latent Class 1

 ENJOY
    Category 1       0.080       0.089       0.092       0.115       0.136       0.142       0.150
    Category 2       0.849       0.857       0.864       0.885       0.908       0.910       0.917
 GOOD
    Category 1       0.048       0.053       0.056       0.077       0.095       0.100       0.109
    Category 2       0.891       0.900       0.905       0.923       0.944       0.946       0.951
 UNDRSTND
    Category 1       0.033       0.038       0.041       0.054       0.068       0.071       0.076
    Category 2       0.922       0.929       0.932       0.946       0.959       0.962       0.966
 NERVOUS
    Category 1       0.000       0.000       0.000       0.059       0.164       0.171       0.184
    Category 2       0.816       0.828       0.836       0.941       1.000       1.000       1.000
 SCARED
    Category 1       0.000       0.000       0.000       0.079       0.104       0.108       0.111
    Category 2       0.887       0.892       0.896       0.921       1.000       1.000       1.000
 USEFUL
    Category 1       0.122       0.131       0.135       0.157       0.183       0.186       0.195
    Category 2       0.802       0.813       0.817       0.843       0.865       0.869       0.878
 LOGICAL
    Category 1       0.188       0.194       0.199       0.221       0.251       0.255       0.259
    Category 2       0.740       0.744       0.749       0.779       0.801       0.805       0.812
 JOB
    Category 1       0.079       0.084       0.088       0.106       0.125       0.129       0.135
    Category 2       0.864       0.871       0.875       0.894       0.912       0.915       0.919
 ADULT
    Category 1       0.091       0.108       0.112       0.136       0.159       0.163       0.173
    Category 2       0.827       0.836       0.840       0.864       0.887       0.892       0.905

Latent Class 2

 ENJOY
    Category 1       0.033       0.049       0.058       0.118       0.173       0.175       0.185
    Category 2       0.801       0.823       0.827       0.882       0.941       0.951       0.967
 GOOD
    Category 1       0.069       0.088       0.098       0.137       0.193       0.213       0.218
    Category 2       0.777       0.787       0.806       0.863       0.901       0.912       0.930
 UNDRSTND
    Category 1       0.058       0.064       0.069       0.108       0.149       0.159       0.175
    Category 2       0.825       0.841       0.851       0.892       0.931       0.936       0.942
 NERVOUS
    Category 1       0.662       0.680       0.689       0.967       1.000       1.000       1.000
    Category 2       0.000       0.000       0.000       0.033       0.311       0.320       0.337
 SCARED
    Category 1       0.461       0.484       0.494       0.617       1.000       1.000       1.000
    Category 2       0.000       0.000       0.000       0.383       0.506       0.512       0.537
 USEFUL
    Category 1       0.050       0.067       0.078       0.136       0.183       0.192       0.212
    Category 2       0.788       0.808       0.817       0.864       0.921       0.929       0.944
 LOGICAL
    Category 1       0.031       0.081       0.105       0.166       0.214       0.224       0.246
    Category 2       0.753       0.775       0.786       0.834       0.895       0.919       0.941
 JOB
    Category 1       0.031       0.050       0.053       0.100       0.139       0.151       0.169
    Category 2       0.831       0.849       0.861       0.900       0.946       0.950       0.963
 ADULT
    Category 1       0.045       0.063       0.073       0.119       0.159       0.171       0.189
    Category 2       0.810       0.829       0.841       0.881       0.927       0.936       0.955

Latent Class 3

 ENJOY
    Category 1       0.543       0.566       0.574       0.626       0.671       0.681       0.699
    Category 2       0.300       0.319       0.329       0.374       0.426       0.434       0.453
 GOOD
    Category 1       0.469       0.487       0.496       0.551       0.600       0.607       0.627
    Category 2       0.372       0.392       0.400       0.449       0.503       0.512       0.526
 UNDRSTND
    Category 1       0.398       0.416       0.427       0.476       0.522       0.530       0.542
    Category 2       0.458       0.470       0.478       0.524       0.572       0.583       0.601
 NERVOUS
    Category 1       0.489       0.512       0.521       0.567       0.611       0.619       0.628
    Category 2       0.371       0.381       0.389       0.433       0.479       0.487       0.503
 SCARED
    Category 1       0.394       0.410       0.417       0.462       0.509       0.517       0.536
    Category 2       0.463       0.482       0.491       0.538       0.583       0.590       0.606
 USEFUL
    Category 1       0.754       0.766       0.775       0.820       0.863       0.872       0.893
    Category 2       0.107       0.128       0.137       0.180       0.225       0.233       0.244
 LOGICAL
    Category 1       0.772       0.784       0.792       0.835       0.874       0.882       0.899
    Category 2       0.098       0.118       0.126       0.165       0.208       0.215       0.227
 JOB
    Category 1       0.667       0.692       0.704       0.764       0.816       0.828       0.847
    Category 2       0.152       0.171       0.184       0.236       0.295       0.307       0.320
 ADULT
    Category 1       0.748       0.768       0.779       0.836       0.881       0.890       0.907
    Category 2       0.087       0.109       0.119       0.164       0.221       0.229       0.250

Latent Class 4

 ENJOY
    Category 1       0.761       0.787       0.795       0.851       0.914       0.931       0.949
    Category 2       0.041       0.069       0.085       0.149       0.204       0.213       0.237
 GOOD
    Category 1       0.813       0.837       0.850       0.907       0.973       0.981       1.000
    Category 2       0.000       0.018       0.026       0.093       0.150       0.163       0.186
 UNDRSTND
    Category 1       0.533       0.555       0.568       0.633       0.706       0.719       0.754
    Category 2       0.236       0.280       0.293       0.367       0.432       0.444       0.466
 NERVOUS
    Category 1       0.579       0.616       0.631       0.701       0.763       0.776       0.802
    Category 2       0.197       0.224       0.237       0.299       0.369       0.382       0.406
 SCARED
    Category 1       0.398       0.435       0.448       0.520       0.588       0.604       0.628
    Category 2       0.371       0.396       0.411       0.480       0.552       0.565       0.600
 USEFUL
    Category 1       0.092       0.117       0.133       0.195       0.254       0.265       0.281
    Category 2       0.719       0.735       0.745       0.805       0.867       0.882       0.906
 LOGICAL
    Category 1       0.194       0.224       0.236       0.302       0.370       0.380       0.400
    Category 2       0.593       0.619       0.629       0.698       0.764       0.775       0.805
 JOB
    Category 1       0.062       0.088       0.097       0.145       0.194       0.200       0.215
    Category 2       0.779       0.799       0.806       0.855       0.903       0.912       0.932
 ADULT
    Category 1       0.120       0.140       0.149       0.202       0.257       0.271       0.290
    Category 2       0.710       0.726       0.742       0.798       0.850       0.859       0.876


     Beginning Time:  10:24:19
        Ending Time:  10:26:24
       Elapsed Time:  00:02:05



MUTHEN & MUTHEN
3463 Stoner Ave.
Los Angeles, CA  90066

Tel: (310) 391-9971
Fax: (310) 391-8971
Web: www.StatModel.com
Support: Support@StatModel.com

Copyright (c) 1998-2023 Muthen & Muthen
